[2015-11-21 12:59:52] START
[2015-11-21 12:59:52] CREATE feedback.py: 0
[2015-11-21 13:00:07] EDIT IIITCourierportal/controllers/feedback.py: 0
[2015-11-21 13:00:12] EDIT IIITCourierportal/controllers/feedback.py: 1
[2015-11-21 13:01:12] EDIT IIITCourierportal/controllers/feedback.py: 1
[2015-11-21 13:05:26] EDIT IIITCourierportal/models/db1.py: 9
[2015-11-21 13:06:57] EDIT IIITCourierportal/controllers/feedback.py: 32
[2015-11-21 13:07:57] CREATE feedback/feedback.html: 0
[2015-11-21 13:08:29] EDIT IIITCourierportal/views/feedback/feedback.html: 1
[2015-11-21 13:09:34] EDIT IIITCourierportal/views/feedback/feedback.html: -1
[2015-11-21 13:11:47] EDIT IIITCourierportal/controllers/feedback.py: 0
[2015-11-21 13:12:43] EDIT IIITCourierportal/controllers/feedback.py: 0
[2015-11-21 13:19:32] EDIT IIITCourierportal/controllers/feedback.py: -2
[2015-11-21 13:19:41] EDIT IIITCourierportal/controllers/feedback.py: -1
[2015-11-21 13:21:35] EDIT IIITCourierportal/controllers/feedback.py: 0
[2015-11-21 13:21:45] EDIT IIITCourierportal/controllers/feedback.py: 0
[2015-11-21 13:22:07] EDIT IIITCourierportal/controllers/feedback.py: 0
[2015-11-21 13:22:40] EDIT IIITCourierportal/controllers/feedback.py: -1
[2015-11-21 13:24:43] EDIT IIITCourierportal/controllers/feedback.py: 1
[2015-11-21 13:27:56] EDIT IIITCourierportal/controllers/feedback.py: -1
[2015-11-21 13:28:03] EDIT IIITCourierportal/controllers/feedback.py: 0
[2015-11-21 13:28:18] EDIT IIITCourierportal/controllers/feedback.py: 0
[2015-11-21 13:29:45] EDIT IIITCourierportal/controllers/feedback.py: 0
[2015-11-21 13:31:04] EDIT IIITCourierportal/controllers/feedback.py: 0
[2015-11-21 13:34:04] EDIT IIITCourierportal/controllers/feedback.py: 0
[2015-11-21 13:34:23] EDIT IIITCourierportal/controllers/feedback.py: 0
[2015-11-21 13:34:47] EDIT IIITCourierportal/controllers/feedback.py: 0
[2015-11-21 13:35:17] EDIT IIITCourierportal/controllers/feedback.py: 0
[2015-11-21 13:37:43] EDIT IIITCourierportal/controllers/feedback.py: 0
[2015-11-21 13:38:06] EDIT IIITCourierportal/controllers/feedback.py: 0
[2015-11-21 13:40:36] EDIT IIITCourierportal/controllers/feedback.py: 3
[2015-11-21 13:40:54] EDIT IIITCourierportal/controllers/feedback.py: 0
[2015-11-21 13:41:18] EDIT IIITCourierportal/controllers/feedback.py: 0
[2015-11-21 13:41:33] EDIT IIITCourierportal/controllers/feedback.py: 0
[2015-11-21 13:44:14] EDIT IIITCourierportal/controllers/feedback.py: 0
[2015-11-21 14:12:50] CREATE feedback/studentViewfeedback.html: 0
[2015-11-21 14:14:29] EDIT IIITCourierportal/views/feedback/studentViewfeedback.html: 0
[2015-11-21 14:15:00] CREATE feedback/securityViewfeedback.html: 0
[2015-11-21 14:15:54] EDIT IIITCourierportal/views/feedback/securityViewfeedback.html: 0
[2015-11-21 14:20:19] CREATE feedback/Studentviewfeedback.html: 0
[2015-11-21 14:21:03] EDIT IIITCourierportal/views/feedback/Studentviewfeedback.html: 0
[2015-11-21 14:22:35] DELETE IIITCourierportal/views/feedback/Studentviewfeedback.html: -3
[2015-11-21 14:23:10] CREATE feedback/studentViewFeedback.html: 0
[2015-11-21 14:23:35] EDIT IIITCourierportal/views/feedback/studentViewFeedback.html: 0
[2015-11-21 14:24:38] CREATE feedback/securityViewFeedback.html: 0
[2015-11-21 14:24:53] DELETE IIITCourierportal/views/feedback/studentViewfeedback.html: -3
[2015-11-21 14:25:02] DELETE IIITCourierportal/views/feedback/securityViewfeedback.html: -3
[2015-11-21 14:25:41] EDIT IIITCourierportal/views/feedback/securityViewFeedback.html: 0
[2015-11-21 14:27:42] EDIT IIITCourierportal/controllers/feedback.py: 0
[2015-11-21 14:28:58] EDIT IIITCourierportal/controllers/feedback.py: 0
[2015-11-21 14:29:32] EDIT IIITCourierportal/controllers/feedback.py: 0
[2015-11-21 14:43:01] EDIT IIITCourierportal/controllers/feedback.py: 2
[2015-11-21 14:49:36] EDIT IIITCourierportal/controllers/feedback.py: 4
[2015-11-21 14:51:45] EDIT IIITCourierportal/controllers/feedback.py: 4
[2015-11-21 14:53:56] EDIT IIITCourierportal/controllers/feedback.py: 2
[2015-11-21 14:56:09] EDIT IIITCourierportal/controllers/feedback.py: 0
[2015-11-21 14:56:30] EDIT IIITCourierportal/controllers/feedback.py: 0
